2019-Jun-09 17:57:43 log.py[line:146]/INFO/  Scrapy 1.6.0 started (bot: urlScrapy)
2019-Jun-09 17:57:43 log.py[line:149]/INFO/  Versions: lxml 4.3.3.0, libxml2 2.9.8, cssselect 1.0.3, parsel 1.5.1, w3lib 1.20.0, Twisted 19.2.0, Python 3.7.3 | packaged by conda-forge | (default, Mar 27 2019, 23:18:50) [MSC v.1900 64 bit (AMD64)], pyOpenSSL 19.0.0 (OpenSSL 1.1.1c  28 May 2019), cryptography 2.6.1, Platform Windows-10-10.0.17134-SP0
2019-Jun-09 17:57:43 crawler.py[line:38]/INFO/  Overridden settings: {'BOT_NAME': 'urlScrapy', 'CONCURRENT_REQUESTS': 10, 'CONCURRENT_REQUESTS_PER_DOMAIN': 16, 'CONCURRENT_REQUESTS_PER_IP': 16, 'DOWNLOAD_DELAY': 5, 'NEWSPIDER_MODULE': 'urlScrapy.spiders', 'ROBOTSTXT_OBEY': True, 'SPIDER_MODULES': ['urlScrapy.spiders']}
2019-Jun-09 17:57:43 telnet.py[line:60]/INFO/  Telnet Password: f5dabebac84851c9
2019-Jun-09 17:57:43 middleware.py[line:48]/INFO/  Enabled extensions:
['scrapy.extensions.corestats.CoreStats',
 'scrapy.extensions.telnet.TelnetConsole',
 'scrapy.extensions.logstats.LogStats']
2019-Jun-09 17:57:44 middleware.py[line:48]/INFO/  Enabled downloader middlewares:
['proxyPool.scrapy.middlewares.RetryMiddleware',
 'scrapy.downloadermiddlewares.robotstxt.RobotsTxtMiddleware',
 'proxyPool.scrapy.middlewares.ProxyMiddleware',
 'proxyPool.scrapy.middlewares.CatchExceptionMiddleware',
 'scrapy.downloadermiddlewares.httpauth.HttpAuthMiddleware',
 'scrapy.downloadermiddlewares.downloadtimeout.DownloadTimeoutMiddleware',
 'scrapy.downloadermiddlewares.defaultheaders.DefaultHeadersMiddleware',
 'proxyPool.scrapy.RandomUserAgentMiddleware.RandomUserAgentMiddleware',
 'scrapy.downloadermiddlewares.useragent.UserAgentMiddleware',
 'scrapy.downloadermiddlewares.retry.RetryMiddleware',
 'scrapy.downloadermiddlewares.redirect.MetaRefreshMiddleware',
 'scrapy.downloadermiddlewares.httpcompression.HttpCompressionMiddleware',
 'scrapy.downloadermiddlewares.redirect.RedirectMiddleware',
 'scrapy.downloadermiddlewares.cookies.CookiesMiddleware',
 'scrapy.downloadermiddlewares.httpproxy.HttpProxyMiddleware',
 'scrapy.downloadermiddlewares.stats.DownloaderStats']
2019-Jun-09 17:57:44 middleware.py[line:48]/INFO/  Enabled spider middlewares:
['scrapy.spidermiddlewares.httperror.HttpErrorMiddleware',
 'scrapy.spidermiddlewares.offsite.OffsiteMiddleware',
 'scrapy.spidermiddlewares.referer.RefererMiddleware',
 'scrapy.spidermiddlewares.urllength.UrlLengthMiddleware',
 'scrapy.spidermiddlewares.depth.DepthMiddleware']
2019-Jun-09 17:57:44 middleware.py[line:48]/INFO/  Enabled item pipelines:
['urlScrapy.pipelines.UrlscrapyPipeline']
2019-Jun-09 17:57:44 engine.py[line:256]/INFO/  Spider opened
2019-Jun-09 17:57:44 logstats.py[line:48]/INFO/  Crawled 0 pages (at 0 pages/min), scraped 0 items (at 0 items/min)
2019-Jun-09 17:57:44 telnet.py[line:74]/INFO/  Telnet console listening on 127.0.0.1:6023
2019-Jun-09 17:57:44 proxyDBManager.py[line:144]/ERROR/  ===== select random_proxy exception =====
 'NoneType' object is not subscriptable
Traceback (most recent call last):
  File "E:\urlScrapy\proxyPool\dbManager\proxyDBManager.py", line 140, in select_random_proxy
    proxy = str(data[1], encoding="utf-8").lower() + "://" + str(data[0], encoding="utf-8") + ":" + str(data[2])
TypeError: 'NoneType' object is not subscriptable
2019-Jun-09 17:57:44 proxyDBManager.py[line:144]/ERROR/  ===== select random_proxy exception =====
 'NoneType' object is not subscriptable
Traceback (most recent call last):
  File "E:\urlScrapy\proxyPool\dbManager\proxyDBManager.py", line 140, in select_random_proxy
    proxy = str(data[1], encoding="utf-8").lower() + "://" + str(data[0], encoding="utf-8") + ":" + str(data[2])
TypeError: 'NoneType' object is not subscriptable
2019-Jun-09 17:57:44 middlewares.py[line:19]/DEBUG/  =====  ProxyMiddleware get a random_proxy:¡¾ None ¡¿ =====
2019-Jun-09 17:57:44 redirect.py[line:41]/DEBUG/  Redirecting (302) to <GET http://www.alexa.cn/plugin/tips?k=G1uxgHYqUnIFu7ri7I9EJYqnxv93GebumCKCbbC0q57ltDOsN5VnAW7ZR-CHk-CuCywxGHGzWEN6hvV3wgm4DGeUcKQyVpc8tSE-FDA7i-FlBCdwk7Y-CBKzsImmEu035HC9cYKVr3WQJp0UvYNHnUXEvy2dTkZIWP4H7cDmjx-CF9KBMU9uu9K4gQMjiA6zsQRlQZt6vfpjLhL01q4bZ07DBt0A-L-L> from <GET http://www.alexa.cn/robots.txt>
2019-Jun-09 17:57:44 proxyDBManager.py[line:144]/ERROR/  ===== select random_proxy exception =====
 'NoneType' object is not subscriptable
Traceback (most recent call last):
  File "E:\Users\JohnParker\Anaconda3\lib\site-packages\twisted\internet\defer.py", line 1418, in _inlineCallbacks
    result = g.send(result)
  File "E:\Users\JohnParker\Anaconda3\lib\site-packages\scrapy\core\downloader\middleware.py", line 43, in process_request
    defer.returnValue((yield download_func(request=request,spider=spider)))
  File "E:\Users\JohnParker\Anaconda3\lib\site-packages\twisted\internet\defer.py", line 1362, in returnValue
    raise _DefGen_Return(val)
twisted.internet.defer._DefGen_Return: <302 http://www.alexa.cn/robots.txt>

During handling of the above exception, another exception occurred:

Traceback (most recent call last):
  File "E:\urlScrapy\proxyPool\dbManager\proxyDBManager.py", line 140, in select_random_proxy
    proxy = str(data[1], encoding="utf-8").lower() + "://" + str(data[0], encoding="utf-8") + ":" + str(data[2])
TypeError: 'NoneType' object is not subscriptable
2019-Jun-09 17:57:44 proxyDBManager.py[line:144]/ERROR/  ===== select random_proxy exception =====
 'NoneType' object is not subscriptable
Traceback (most recent call last):
  File "E:\Users\JohnParker\Anaconda3\lib\site-packages\twisted\internet\defer.py", line 1418, in _inlineCallbacks
    result = g.send(result)
  File "E:\Users\JohnParker\Anaconda3\lib\site-packages\scrapy\core\downloader\middleware.py", line 43, in process_request
    defer.returnValue((yield download_func(request=request,spider=spider)))
  File "E:\Users\JohnParker\Anaconda3\lib\site-packages\twisted\internet\defer.py", line 1362, in returnValue
    raise _DefGen_Return(val)
twisted.internet.defer._DefGen_Return: <302 http://www.alexa.cn/robots.txt>

During handling of the above exception, another exception occurred:

Traceback (most recent call last):
  File "E:\urlScrapy\proxyPool\dbManager\proxyDBManager.py", line 140, in select_random_proxy
    proxy = str(data[1], encoding="utf-8").lower() + "://" + str(data[0], encoding="utf-8") + ":" + str(data[2])
TypeError: 'NoneType' object is not subscriptable
2019-Jun-09 17:57:44 middlewares.py[line:19]/DEBUG/  =====  ProxyMiddleware get a random_proxy:¡¾ None ¡¿ =====
2019-Jun-09 17:57:48 engine.py[line:238]/DEBUG/  Crawled (200) <GET http://www.alexa.cn/plugin/tips?k=G1uxgHYqUnIFu7ri7I9EJYqnxv93GebumCKCbbC0q57ltDOsN5VnAW7ZR-CHk-CuCywxGHGzWEN6hvV3wgm4DGeUcKQyVpc8tSE-FDA7i-FlBCdwk7Y-CBKzsImmEu035HC9cYKVr3WQJp0UvYNHnUXEvy2dTkZIWP4H7cDmjx-CF9KBMU9uu9K4gQMjiA6zsQRlQZt6vfpjLhL01q4bZ07DBt0A-L-L> (referer: http://www.alexa.cn/robots.txt)
2019-Jun-09 17:57:48 proxyDBManager.py[line:144]/ERROR/  ===== select random_proxy exception =====
 'NoneType' object is not subscriptable
Traceback (most recent call last):
  File "E:\Users\JohnParker\Anaconda3\lib\site-packages\twisted\internet\defer.py", line 1418, in _inlineCallbacks
    result = g.send(result)
  File "E:\Users\JohnParker\Anaconda3\lib\site-packages\scrapy\core\downloader\middleware.py", line 43, in process_request
    defer.returnValue((yield download_func(request=request,spider=spider)))
  File "E:\Users\JohnParker\Anaconda3\lib\site-packages\twisted\internet\defer.py", line 1362, in returnValue
    raise _DefGen_Return(val)
twisted.internet.defer._DefGen_Return: <200 http://www.alexa.cn/plugin/tips?k=G1uxgHYqUnIFu7ri7I9EJYqnxv93GebumCKCbbC0q57ltDOsN5VnAW7ZR-CHk-CuCywxGHGzWEN6hvV3wgm4DGeUcKQyVpc8tSE-FDA7i-FlBCdwk7Y-CBKzsImmEu035HC9cYKVr3WQJp0UvYNHnUXEvy2dTkZIWP4H7cDmjx-CF9KBMU9uu9K4gQMjiA6zsQRlQZt6vfpjLhL01q4bZ07DBt0A-L-L>

During handling of the above exception, another exception occurred:

Traceback (most recent call last):
  File "E:\urlScrapy\proxyPool\dbManager\proxyDBManager.py", line 140, in select_random_proxy
    proxy = str(data[1], encoding="utf-8").lower() + "://" + str(data[0], encoding="utf-8") + ":" + str(data[2])
TypeError: 'NoneType' object is not subscriptable
2019-Jun-09 17:57:48 proxyDBManager.py[line:144]/ERROR/  ===== select random_proxy exception =====
 'NoneType' object is not subscriptable
Traceback (most recent call last):
  File "E:\Users\JohnParker\Anaconda3\lib\site-packages\twisted\internet\defer.py", line 1418, in _inlineCallbacks
    result = g.send(result)
  File "E:\Users\JohnParker\Anaconda3\lib\site-packages\scrapy\core\downloader\middleware.py", line 43, in process_request
    defer.returnValue((yield download_func(request=request,spider=spider)))
  File "E:\Users\JohnParker\Anaconda3\lib\site-packages\twisted\internet\defer.py", line 1362, in returnValue
    raise _DefGen_Return(val)
twisted.internet.defer._DefGen_Return: <200 http://www.alexa.cn/plugin/tips?k=G1uxgHYqUnIFu7ri7I9EJYqnxv93GebumCKCbbC0q57ltDOsN5VnAW7ZR-CHk-CuCywxGHGzWEN6hvV3wgm4DGeUcKQyVpc8tSE-FDA7i-FlBCdwk7Y-CBKzsImmEu035HC9cYKVr3WQJp0UvYNHnUXEvy2dTkZIWP4H7cDmjx-CF9KBMU9uu9K4gQMjiA6zsQRlQZt6vfpjLhL01q4bZ07DBt0A-L-L>

During handling of the above exception, another exception occurred:

Traceback (most recent call last):
  File "E:\urlScrapy\proxyPool\dbManager\proxyDBManager.py", line 140, in select_random_proxy
    proxy = str(data[1], encoding="utf-8").lower() + "://" + str(data[0], encoding="utf-8") + ":" + str(data[2])
TypeError: 'NoneType' object is not subscriptable
2019-Jun-09 17:57:48 middlewares.py[line:19]/DEBUG/  =====  ProxyMiddleware get a random_proxy:¡¾ None ¡¿ =====
2019-Jun-09 17:57:48 engine.py[line:238]/DEBUG/  Crawled (200) <GET http://www.alexa.cn/siterank/> (referer: http://www.alexa.cn/siterank/)
2019-Jun-09 17:57:48 proxyDBManager.py[line:144]/ERROR/  ===== select random_proxy exception =====
 'NoneType' object is not subscriptable
Traceback (most recent call last):
  File "E:\urlScrapy\proxyPool\dbManager\proxyDBManager.py", line 140, in select_random_proxy
    proxy = str(data[1], encoding="utf-8").lower() + "://" + str(data[0], encoding="utf-8") + ":" + str(data[2])
TypeError: 'NoneType' object is not subscriptable
2019-Jun-09 17:57:48 proxyDBManager.py[line:144]/ERROR/  ===== select random_proxy exception =====
 'NoneType' object is not subscriptable
Traceback (most recent call last):
  File "E:\urlScrapy\proxyPool\dbManager\proxyDBManager.py", line 140, in select_random_proxy
    proxy = str(data[1], encoding="utf-8").lower() + "://" + str(data[0], encoding="utf-8") + ":" + str(data[2])
TypeError: 'NoneType' object is not subscriptable
2019-Jun-09 17:57:48 middlewares.py[line:19]/DEBUG/  =====  ProxyMiddleware get a random_proxy:¡¾ None ¡¿ =====
2019-Jun-09 17:57:48 proxyDBManager.py[line:144]/ERROR/  ===== select random_proxy exception =====
 'NoneType' object is not subscriptable
Traceback (most recent call last):
  File "E:\urlScrapy\proxyPool\dbManager\proxyDBManager.py", line 140, in select_random_proxy
    proxy = str(data[1], encoding="utf-8").lower() + "://" + str(data[0], encoding="utf-8") + ":" + str(data[2])
TypeError: 'NoneType' object is not subscriptable
2019-Jun-09 17:57:48 proxyDBManager.py[line:144]/ERROR/  ===== select random_proxy exception =====
 'NoneType' object is not subscriptable
Traceback (most recent call last):
  File "E:\urlScrapy\proxyPool\dbManager\proxyDBManager.py", line 140, in select_random_proxy
    proxy = str(data[1], encoding="utf-8").lower() + "://" + str(data[0], encoding="utf-8") + ":" + str(data[2])
TypeError: 'NoneType' object is not subscriptable
2019-Jun-09 17:57:48 middlewares.py[line:19]/DEBUG/  =====  ProxyMiddleware get a random_proxy:¡¾ None ¡¿ =====
2019-Jun-09 17:57:48 proxyDBManager.py[line:144]/ERROR/  ===== select random_proxy exception =====
 'NoneType' object is not subscriptable
Traceback (most recent call last):
  File "E:\urlScrapy\proxyPool\dbManager\proxyDBManager.py", line 140, in select_random_proxy
    proxy = str(data[1], encoding="utf-8").lower() + "://" + str(data[0], encoding="utf-8") + ":" + str(data[2])
TypeError: 'NoneType' object is not subscriptable
2019-Jun-09 17:57:48 proxyDBManager.py[line:144]/ERROR/  ===== select random_proxy exception =====
 'NoneType' object is not subscriptable
Traceback (most recent call last):
  File "E:\urlScrapy\proxyPool\dbManager\proxyDBManager.py", line 140, in select_random_proxy
    proxy = str(data[1], encoding="utf-8").lower() + "://" + str(data[0], encoding="utf-8") + ":" + str(data[2])
TypeError: 'NoneType' object is not subscriptable
2019-Jun-09 17:57:48 middlewares.py[line:19]/DEBUG/  =====  ProxyMiddleware get a random_proxy:¡¾ None ¡¿ =====
2019-Jun-09 17:57:48 proxyDBManager.py[line:144]/ERROR/  ===== select random_proxy exception =====
 'NoneType' object is not subscriptable
Traceback (most recent call last):
  File "E:\urlScrapy\proxyPool\dbManager\proxyDBManager.py", line 140, in select_random_proxy
    proxy = str(data[1], encoding="utf-8").lower() + "://" + str(data[0], encoding="utf-8") + ":" + str(data[2])
TypeError: 'NoneType' object is not subscriptable
2019-Jun-09 17:57:48 proxyDBManager.py[line:144]/ERROR/  ===== select random_proxy exception =====
 'NoneType' object is not subscriptable
Traceback (most recent call last):
  File "E:\urlScrapy\proxyPool\dbManager\proxyDBManager.py", line 140, in select_random_proxy
    proxy = str(data[1], encoding="utf-8").lower() + "://" + str(data[0], encoding="utf-8") + ":" + str(data[2])
TypeError: 'NoneType' object is not subscriptable
2019-Jun-09 17:57:48 middlewares.py[line:19]/DEBUG/  =====  ProxyMiddleware get a random_proxy:¡¾ None ¡¿ =====
2019-Jun-09 17:57:48 proxyDBManager.py[line:144]/ERROR/  ===== select random_proxy exception =====
 'NoneType' object is not subscriptable
Traceback (most recent call last):
  File "E:\urlScrapy\proxyPool\dbManager\proxyDBManager.py", line 140, in select_random_proxy
    proxy = str(data[1], encoding="utf-8").lower() + "://" + str(data[0], encoding="utf-8") + ":" + str(data[2])
TypeError: 'NoneType' object is not subscriptable
2019-Jun-09 17:57:48 proxyDBManager.py[line:144]/ERROR/  ===== select random_proxy exception =====
 'NoneType' object is not subscriptable
Traceback (most recent call last):
  File "E:\urlScrapy\proxyPool\dbManager\proxyDBManager.py", line 140, in select_random_proxy
    proxy = str(data[1], encoding="utf-8").lower() + "://" + str(data[0], encoding="utf-8") + ":" + str(data[2])
TypeError: 'NoneType' object is not subscriptable
2019-Jun-09 17:57:48 middlewares.py[line:19]/DEBUG/  =====  ProxyMiddleware get a random_proxy:¡¾ None ¡¿ =====
2019-Jun-09 17:57:48 proxyDBManager.py[line:144]/ERROR/  ===== select random_proxy exception =====
 'NoneType' object is not subscriptable
Traceback (most recent call last):
  File "E:\urlScrapy\proxyPool\dbManager\proxyDBManager.py", line 140, in select_random_proxy
    proxy = str(data[1], encoding="utf-8").lower() + "://" + str(data[0], encoding="utf-8") + ":" + str(data[2])
TypeError: 'NoneType' object is not subscriptable
2019-Jun-09 17:57:48 proxyDBManager.py[line:144]/ERROR/  ===== select random_proxy exception =====
 'NoneType' object is not subscriptable
Traceback (most recent call last):
  File "E:\urlScrapy\proxyPool\dbManager\proxyDBManager.py", line 140, in select_random_proxy
    proxy = str(data[1], encoding="utf-8").lower() + "://" + str(data[0], encoding="utf-8") + ":" + str(data[2])
TypeError: 'NoneType' object is not subscriptable
2019-Jun-09 17:57:48 middlewares.py[line:19]/DEBUG/  =====  ProxyMiddleware get a random_proxy:¡¾ None ¡¿ =====
2019-Jun-09 17:57:48 proxyDBManager.py[line:144]/ERROR/  ===== select random_proxy exception =====
 'NoneType' object is not subscriptable
Traceback (most recent call last):
  File "E:\urlScrapy\proxyPool\dbManager\proxyDBManager.py", line 140, in select_random_proxy
    proxy = str(data[1], encoding="utf-8").lower() + "://" + str(data[0], encoding="utf-8") + ":" + str(data[2])
TypeError: 'NoneType' object is not subscriptable
2019-Jun-09 17:57:48 proxyDBManager.py[line:144]/ERROR/  ===== select random_proxy exception =====
 'NoneType' object is not subscriptable
Traceback (most recent call last):
  File "E:\urlScrapy\proxyPool\dbManager\proxyDBManager.py", line 140, in select_random_proxy
    proxy = str(data[1], encoding="utf-8").lower() + "://" + str(data[0], encoding="utf-8") + ":" + str(data[2])
TypeError: 'NoneType' object is not subscriptable
2019-Jun-09 17:57:48 middlewares.py[line:19]/DEBUG/  =====  ProxyMiddleware get a random_proxy:¡¾ None ¡¿ =====
2019-Jun-09 17:57:48 proxyDBManager.py[line:144]/ERROR/  ===== select random_proxy exception =====
 'NoneType' object is not subscriptable
Traceback (most recent call last):
  File "E:\urlScrapy\proxyPool\dbManager\proxyDBManager.py", line 140, in select_random_proxy
    proxy = str(data[1], encoding="utf-8").lower() + "://" + str(data[0], encoding="utf-8") + ":" + str(data[2])
TypeError: 'NoneType' object is not subscriptable
2019-Jun-09 17:57:48 proxyDBManager.py[line:144]/ERROR/  ===== select random_proxy exception =====
 'NoneType' object is not subscriptable
Traceback (most recent call last):
  File "E:\urlScrapy\proxyPool\dbManager\proxyDBManager.py", line 140, in select_random_proxy
    proxy = str(data[1], encoding="utf-8").lower() + "://" + str(data[0], encoding="utf-8") + ":" + str(data[2])
TypeError: 'NoneType' object is not subscriptable
2019-Jun-09 17:57:48 middlewares.py[line:19]/DEBUG/  =====  ProxyMiddleware get a random_proxy:¡¾ None ¡¿ =====
2019-Jun-09 17:57:48 proxyDBManager.py[line:144]/ERROR/  ===== select random_proxy exception =====
 'NoneType' object is not subscriptable
Traceback (most recent call last):
  File "E:\urlScrapy\proxyPool\dbManager\proxyDBManager.py", line 140, in select_random_proxy
    proxy = str(data[1], encoding="utf-8").lower() + "://" + str(data[0], encoding="utf-8") + ":" + str(data[2])
TypeError: 'NoneType' object is not subscriptable
2019-Jun-09 17:57:48 proxyDBManager.py[line:144]/ERROR/  ===== select random_proxy exception =====
 'NoneType' object is not subscriptable
Traceback (most recent call last):
  File "E:\urlScrapy\proxyPool\dbManager\proxyDBManager.py", line 140, in select_random_proxy
    proxy = str(data[1], encoding="utf-8").lower() + "://" + str(data[0], encoding="utf-8") + ":" + str(data[2])
TypeError: 'NoneType' object is not subscriptable
2019-Jun-09 17:57:48 middlewares.py[line:19]/DEBUG/  =====  ProxyMiddleware get a random_proxy:¡¾ None ¡¿ =====
2019-Jun-09 17:57:48 proxyDBManager.py[line:144]/ERROR/  ===== select random_proxy exception =====
 'NoneType' object is not subscriptable
Traceback (most recent call last):
  File "E:\urlScrapy\proxyPool\dbManager\proxyDBManager.py", line 140, in select_random_proxy
    proxy = str(data[1], encoding="utf-8").lower() + "://" + str(data[0], encoding="utf-8") + ":" + str(data[2])
TypeError: 'NoneType' object is not subscriptable
2019-Jun-09 17:57:48 proxyDBManager.py[line:144]/ERROR/  ===== select random_proxy exception =====
 'NoneType' object is not subscriptable
Traceback (most recent call last):
  File "E:\urlScrapy\proxyPool\dbManager\proxyDBManager.py", line 140, in select_random_proxy
    proxy = str(data[1], encoding="utf-8").lower() + "://" + str(data[0], encoding="utf-8") + ":" + str(data[2])
TypeError: 'NoneType' object is not subscriptable
2019-Jun-09 17:57:48 middlewares.py[line:19]/DEBUG/  =====  ProxyMiddleware get a random_proxy:¡¾ None ¡¿ =====
2019-Jun-09 17:57:54 engine.py[line:238]/DEBUG/  Crawled (200) <GET http://www.alexa.cn/siterank/2> (referer: http://www.alexa.cn/siterank/)
2019-Jun-09 17:57:54 proxyDBManager.py[line:144]/ERROR/  ===== select random_proxy exception =====
 'NoneType' object is not subscriptable
Traceback (most recent call last):
  File "E:\urlScrapy\proxyPool\dbManager\proxyDBManager.py", line 140, in select_random_proxy
    proxy = str(data[1], encoding="utf-8").lower() + "://" + str(data[0], encoding="utf-8") + ":" + str(data[2])
TypeError: 'NoneType' object is not subscriptable
2019-Jun-09 17:57:54 proxyDBManager.py[line:144]/ERROR/  ===== select random_proxy exception =====
 'NoneType' object is not subscriptable
Traceback (most recent call last):
  File "E:\urlScrapy\proxyPool\dbManager\proxyDBManager.py", line 140, in select_random_proxy
    proxy = str(data[1], encoding="utf-8").lower() + "://" + str(data[0], encoding="utf-8") + ":" + str(data[2])
TypeError: 'NoneType' object is not subscriptable
2019-Jun-09 17:57:54 middlewares.py[line:19]/DEBUG/  =====  ProxyMiddleware get a random_proxy:¡¾ None ¡¿ =====
