2019-Jun-09 17:49:54 log.py[line:146]/INFO/  Scrapy 1.6.0 started (bot: urlScrapy)
2019-Jun-09 17:49:54 log.py[line:149]/INFO/  Versions: lxml 4.3.3.0, libxml2 2.9.8, cssselect 1.0.3, parsel 1.5.1, w3lib 1.20.0, Twisted 19.2.0, Python 3.7.3 | packaged by conda-forge | (default, Mar 27 2019, 23:18:50) [MSC v.1900 64 bit (AMD64)], pyOpenSSL 19.0.0 (OpenSSL 1.1.1c  28 May 2019), cryptography 2.6.1, Platform Windows-10-10.0.17134-SP0
2019-Jun-09 17:49:54 crawler.py[line:38]/INFO/  Overridden settings: {'BOT_NAME': 'urlScrapy', 'CONCURRENT_REQUESTS': 10, 'CONCURRENT_REQUESTS_PER_DOMAIN': 16, 'CONCURRENT_REQUESTS_PER_IP': 16, 'DOWNLOAD_DELAY': 5, 'NEWSPIDER_MODULE': 'urlScrapy.spiders', 'ROBOTSTXT_OBEY': True, 'SPIDER_MODULES': ['urlScrapy.spiders']}
2019-Jun-09 17:49:54 telnet.py[line:60]/INFO/  Telnet Password: f25dee9e89432aa0
2019-Jun-09 17:49:54 middleware.py[line:48]/INFO/  Enabled extensions:
['scrapy.extensions.corestats.CoreStats',
 'scrapy.extensions.telnet.TelnetConsole',
 'scrapy.extensions.logstats.LogStats']
2019-Jun-09 17:49:54 middleware.py[line:48]/INFO/  Enabled downloader middlewares:
['proxyPool.scrapy.middlewares.RetryMiddleware',
 'scrapy.downloadermiddlewares.robotstxt.RobotsTxtMiddleware',
 'proxyPool.scrapy.middlewares.ProxyMiddleware',
 'proxyPool.scrapy.middlewares.CatchExceptionMiddleware',
 'scrapy.downloadermiddlewares.httpauth.HttpAuthMiddleware',
 'scrapy.downloadermiddlewares.downloadtimeout.DownloadTimeoutMiddleware',
 'scrapy.downloadermiddlewares.defaultheaders.DefaultHeadersMiddleware',
 'proxyPool.scrapy.RandomUserAgentMiddleware.RandomUserAgentMiddleware',
 'scrapy.downloadermiddlewares.useragent.UserAgentMiddleware',
 'scrapy.downloadermiddlewares.retry.RetryMiddleware',
 'scrapy.downloadermiddlewares.redirect.MetaRefreshMiddleware',
 'scrapy.downloadermiddlewares.httpcompression.HttpCompressionMiddleware',
 'scrapy.downloadermiddlewares.redirect.RedirectMiddleware',
 'scrapy.downloadermiddlewares.cookies.CookiesMiddleware',
 'scrapy.downloadermiddlewares.httpproxy.HttpProxyMiddleware',
 'scrapy.downloadermiddlewares.stats.DownloaderStats']
2019-Jun-09 17:49:54 middleware.py[line:48]/INFO/  Enabled spider middlewares:
['scrapy.spidermiddlewares.httperror.HttpErrorMiddleware',
 'scrapy.spidermiddlewares.offsite.OffsiteMiddleware',
 'scrapy.spidermiddlewares.referer.RefererMiddleware',
 'scrapy.spidermiddlewares.urllength.UrlLengthMiddleware',
 'scrapy.spidermiddlewares.depth.DepthMiddleware']
2019-Jun-09 17:49:55 middleware.py[line:48]/INFO/  Enabled item pipelines:
['urlScrapy.pipelines.UrlscrapyPipeline']
2019-Jun-09 17:49:55 engine.py[line:256]/INFO/  Spider opened
2019-Jun-09 17:49:55 logstats.py[line:48]/INFO/  Crawled 0 pages (at 0 pages/min), scraped 0 items (at 0 items/min)
2019-Jun-09 17:49:55 telnet.py[line:74]/INFO/  Telnet console listening on 127.0.0.1:6023
2019-Jun-09 17:49:55 proxyDBManager.py[line:144]/ERROR/  ===== select random_proxy exception =====
 'NoneType' object is not subscriptable
Traceback (most recent call last):
  File "E:\urlScrapy\proxyPool\dbManager\proxyDBManager.py", line 140, in select_random_proxy
    proxy = str(data[1], encoding="utf-8").lower() + "://" + str(data[0], encoding="utf-8") + ":" + str(data[2])
TypeError: 'NoneType' object is not subscriptable
2019-Jun-09 17:49:55 proxyDBManager.py[line:144]/ERROR/  ===== select random_proxy exception =====
 'NoneType' object is not subscriptable
Traceback (most recent call last):
  File "E:\urlScrapy\proxyPool\dbManager\proxyDBManager.py", line 140, in select_random_proxy
    proxy = str(data[1], encoding="utf-8").lower() + "://" + str(data[0], encoding="utf-8") + ":" + str(data[2])
TypeError: 'NoneType' object is not subscriptable
2019-Jun-09 17:49:55 middlewares.py[line:19]/DEBUG/  =====  ProxyMiddleware get a random_proxy:¡¾ None ¡¿ =====
2019-Jun-09 17:49:55 redirect.py[line:41]/DEBUG/  Redirecting (302) to <GET http://www.alexa.cn/plugin/tips?k=2YcjfZq92O4zby16dikPvWCYZYKjq3ChiD1OPCI6Hl7eRldB1LnyaWCPRm8T-HNuDy7W68Mg3RaFcUYrhwYDD-BJn63e9SaDWgLLIbifhkPw5-HeUZRX2EqU0ES1CU1ZxtLunBKf8urKVR7lfemCNVtKRCVIAgB-Bpwhb4g1ZuJjZpG-Bw3gxNMOIYZiHAKSWfKJdJfHLrXAQ2SjfsHL3W0C4eAJPKGqmzhAXOa7X2pokYXMkLk77SKUSN0EU-HX7G6HthCHyU9RlUmYgmx11nJKdj64F2Cj-HhKt2aQukaD3YH5X3N59ZEeJLjCzQdBm73YmnmX2Sg1QICxCMotoO6JGyq57FbTbtfPLDscUMRI0-BVlutEz-BAsa8EdLrDzLll47DvpyVnecwqTnVhfSVwe73orYNH5HVim242b1kvKRBHbYqA-BQhiBAu8592Aw7c8LAPr4-BcdIrFq85ckMF5nOSdchLg0KDG4tgOfvyurO1rK9dvBAWsCz9U-BcvH65iLC-H5vUC> from <GET http://www.alexa.cn/robots.txt>
2019-Jun-09 17:49:55 proxyDBManager.py[line:144]/ERROR/  ===== select random_proxy exception =====
 'NoneType' object is not subscriptable
Traceback (most recent call last):
  File "E:\Users\JohnParker\Anaconda3\lib\site-packages\twisted\internet\defer.py", line 1418, in _inlineCallbacks
    result = g.send(result)
  File "E:\Users\JohnParker\Anaconda3\lib\site-packages\scrapy\core\downloader\middleware.py", line 43, in process_request
    defer.returnValue((yield download_func(request=request,spider=spider)))
  File "E:\Users\JohnParker\Anaconda3\lib\site-packages\twisted\internet\defer.py", line 1362, in returnValue
    raise _DefGen_Return(val)
twisted.internet.defer._DefGen_Return: <302 http://www.alexa.cn/robots.txt>

During handling of the above exception, another exception occurred:

Traceback (most recent call last):
  File "E:\urlScrapy\proxyPool\dbManager\proxyDBManager.py", line 140, in select_random_proxy
    proxy = str(data[1], encoding="utf-8").lower() + "://" + str(data[0], encoding="utf-8") + ":" + str(data[2])
TypeError: 'NoneType' object is not subscriptable
2019-Jun-09 17:49:55 proxyDBManager.py[line:144]/ERROR/  ===== select random_proxy exception =====
 'NoneType' object is not subscriptable
Traceback (most recent call last):
  File "E:\Users\JohnParker\Anaconda3\lib\site-packages\twisted\internet\defer.py", line 1418, in _inlineCallbacks
    result = g.send(result)
  File "E:\Users\JohnParker\Anaconda3\lib\site-packages\scrapy\core\downloader\middleware.py", line 43, in process_request
    defer.returnValue((yield download_func(request=request,spider=spider)))
  File "E:\Users\JohnParker\Anaconda3\lib\site-packages\twisted\internet\defer.py", line 1362, in returnValue
    raise _DefGen_Return(val)
twisted.internet.defer._DefGen_Return: <302 http://www.alexa.cn/robots.txt>

During handling of the above exception, another exception occurred:

Traceback (most recent call last):
  File "E:\urlScrapy\proxyPool\dbManager\proxyDBManager.py", line 140, in select_random_proxy
    proxy = str(data[1], encoding="utf-8").lower() + "://" + str(data[0], encoding="utf-8") + ":" + str(data[2])
TypeError: 'NoneType' object is not subscriptable
2019-Jun-09 17:49:55 middlewares.py[line:19]/DEBUG/  =====  ProxyMiddleware get a random_proxy:¡¾ None ¡¿ =====
2019-Jun-09 17:50:02 engine.py[line:238]/DEBUG/  Crawled (200) <GET http://www.alexa.cn/plugin/tips?k=2YcjfZq92O4zby16dikPvWCYZYKjq3ChiD1OPCI6Hl7eRldB1LnyaWCPRm8T-HNuDy7W68Mg3RaFcUYrhwYDD-BJn63e9SaDWgLLIbifhkPw5-HeUZRX2EqU0ES1CU1ZxtLunBKf8urKVR7lfemCNVtKRCVIAgB-Bpwhb4g1ZuJjZpG-Bw3gxNMOIYZiHAKSWfKJdJfHLrXAQ2SjfsHL3W0C4eAJPKGqmzhAXOa7X2pokYXMkLk77SKUSN0EU-HX7G6HthCHyU9RlUmYgmx11nJKdj64F2Cj-HhKt2aQukaD3YH5X3N59ZEeJLjCzQdBm73YmnmX2Sg1QICxCMotoO6JGyq57FbTbtfPLDscUMRI0-BVlutEz-BAsa8EdLrDzLll47DvpyVnecwqTnVhfSVwe73orYNH5HVim242b1kvKRBHbYqA-BQhiBAu8592Aw7c8LAPr4-BcdIrFq85ckMF5nOSdchLg0KDG4tgOfvyurO1rK9dvBAWsCz9U-BcvH65iLC-H5vUC> (referer: http://www.alexa.cn/robots.txt)
2019-Jun-09 17:50:02 proxyDBManager.py[line:144]/ERROR/  ===== select random_proxy exception =====
 'NoneType' object is not subscriptable
Traceback (most recent call last):
  File "E:\Users\JohnParker\Anaconda3\lib\site-packages\twisted\internet\defer.py", line 1418, in _inlineCallbacks
    result = g.send(result)
  File "E:\Users\JohnParker\Anaconda3\lib\site-packages\scrapy\core\downloader\middleware.py", line 43, in process_request
    defer.returnValue((yield download_func(request=request,spider=spider)))
  File "E:\Users\JohnParker\Anaconda3\lib\site-packages\twisted\internet\defer.py", line 1362, in returnValue
    raise _DefGen_Return(val)
twisted.internet.defer._DefGen_Return: <200 http://www.alexa.cn/plugin/tips?k=2YcjfZq92O4zby16dikPvWCYZYKjq3ChiD1OPCI6Hl7eRldB1LnyaWCPRm8T-HNuDy7W68Mg3RaFcUYrhwYDD-BJn63e9SaDWgLLIbifhkPw5-HeUZRX2EqU0ES1CU1ZxtLunBKf8urKVR7lfemCNVtKRCVIAgB-Bpwhb4g1ZuJjZpG-Bw3gxNMOIYZiHAKSWfKJdJfHLrXAQ2SjfsHL3W0C4eAJPKGqmzhAXOa7X2pokYXMkLk77SKUSN0EU-HX7G6HthCHyU9RlUmYgmx11nJKdj64F2Cj-HhKt2aQukaD3YH5X3N59ZEeJLjCzQdBm73YmnmX2Sg1QICxCMotoO6JGyq57FbTbtfPLDscUMRI0-BVlutEz-BAsa8EdLrDzLll47DvpyVnecwqTnVhfSVwe73orYNH5HVim242b1kvKRBHbYqA-BQhiBAu8592Aw7c8LAPr4-BcdIrFq85ckMF5nOSdchLg0KDG4tgOfvyurO1rK9dvBAWsCz9U-BcvH65iLC-H5vUC>

During handling of the above exception, another exception occurred:

Traceback (most recent call last):
  File "E:\urlScrapy\proxyPool\dbManager\proxyDBManager.py", line 140, in select_random_proxy
    proxy = str(data[1], encoding="utf-8").lower() + "://" + str(data[0], encoding="utf-8") + ":" + str(data[2])
TypeError: 'NoneType' object is not subscriptable
2019-Jun-09 17:50:02 proxyDBManager.py[line:144]/ERROR/  ===== select random_proxy exception =====
 'NoneType' object is not subscriptable
Traceback (most recent call last):
  File "E:\Users\JohnParker\Anaconda3\lib\site-packages\twisted\internet\defer.py", line 1418, in _inlineCallbacks
    result = g.send(result)
  File "E:\Users\JohnParker\Anaconda3\lib\site-packages\scrapy\core\downloader\middleware.py", line 43, in process_request
    defer.returnValue((yield download_func(request=request,spider=spider)))
  File "E:\Users\JohnParker\Anaconda3\lib\site-packages\twisted\internet\defer.py", line 1362, in returnValue
    raise _DefGen_Return(val)
twisted.internet.defer._DefGen_Return: <200 http://www.alexa.cn/plugin/tips?k=2YcjfZq92O4zby16dikPvWCYZYKjq3ChiD1OPCI6Hl7eRldB1LnyaWCPRm8T-HNuDy7W68Mg3RaFcUYrhwYDD-BJn63e9SaDWgLLIbifhkPw5-HeUZRX2EqU0ES1CU1ZxtLunBKf8urKVR7lfemCNVtKRCVIAgB-Bpwhb4g1ZuJjZpG-Bw3gxNMOIYZiHAKSWfKJdJfHLrXAQ2SjfsHL3W0C4eAJPKGqmzhAXOa7X2pokYXMkLk77SKUSN0EU-HX7G6HthCHyU9RlUmYgmx11nJKdj64F2Cj-HhKt2aQukaD3YH5X3N59ZEeJLjCzQdBm73YmnmX2Sg1QICxCMotoO6JGyq57FbTbtfPLDscUMRI0-BVlutEz-BAsa8EdLrDzLll47DvpyVnecwqTnVhfSVwe73orYNH5HVim242b1kvKRBHbYqA-BQhiBAu8592Aw7c8LAPr4-BcdIrFq85ckMF5nOSdchLg0KDG4tgOfvyurO1rK9dvBAWsCz9U-BcvH65iLC-H5vUC>

During handling of the above exception, another exception occurred:

Traceback (most recent call last):
  File "E:\urlScrapy\proxyPool\dbManager\proxyDBManager.py", line 140, in select_random_proxy
    proxy = str(data[1], encoding="utf-8").lower() + "://" + str(data[0], encoding="utf-8") + ":" + str(data[2])
TypeError: 'NoneType' object is not subscriptable
2019-Jun-09 17:50:02 middlewares.py[line:19]/DEBUG/  =====  ProxyMiddleware get a random_proxy:¡¾ None ¡¿ =====
2019-Jun-09 17:50:02 engine.py[line:238]/DEBUG/  Crawled (200) <GET http://www.alexa.cn/siterank/> (referer: http://www.alexa.cn/siterank/)
2019-Jun-09 17:50:02 proxyDBManager.py[line:144]/ERROR/  ===== select random_proxy exception =====
 'NoneType' object is not subscriptable
Traceback (most recent call last):
  File "E:\urlScrapy\proxyPool\dbManager\proxyDBManager.py", line 140, in select_random_proxy
    proxy = str(data[1], encoding="utf-8").lower() + "://" + str(data[0], encoding="utf-8") + ":" + str(data[2])
TypeError: 'NoneType' object is not subscriptable
2019-Jun-09 17:50:02 proxyDBManager.py[line:144]/ERROR/  ===== select random_proxy exception =====
 'NoneType' object is not subscriptable
Traceback (most recent call last):
  File "E:\urlScrapy\proxyPool\dbManager\proxyDBManager.py", line 140, in select_random_proxy
    proxy = str(data[1], encoding="utf-8").lower() + "://" + str(data[0], encoding="utf-8") + ":" + str(data[2])
TypeError: 'NoneType' object is not subscriptable
2019-Jun-09 17:50:02 middlewares.py[line:19]/DEBUG/  =====  ProxyMiddleware get a random_proxy:¡¾ None ¡¿ =====
2019-Jun-09 17:50:02 proxyDBManager.py[line:144]/ERROR/  ===== select random_proxy exception =====
 'NoneType' object is not subscriptable
Traceback (most recent call last):
  File "E:\urlScrapy\proxyPool\dbManager\proxyDBManager.py", line 140, in select_random_proxy
    proxy = str(data[1], encoding="utf-8").lower() + "://" + str(data[0], encoding="utf-8") + ":" + str(data[2])
TypeError: 'NoneType' object is not subscriptable
2019-Jun-09 17:50:02 proxyDBManager.py[line:144]/ERROR/  ===== select random_proxy exception =====
 'NoneType' object is not subscriptable
Traceback (most recent call last):
  File "E:\urlScrapy\proxyPool\dbManager\proxyDBManager.py", line 140, in select_random_proxy
    proxy = str(data[1], encoding="utf-8").lower() + "://" + str(data[0], encoding="utf-8") + ":" + str(data[2])
TypeError: 'NoneType' object is not subscriptable
2019-Jun-09 17:50:02 middlewares.py[line:19]/DEBUG/  =====  ProxyMiddleware get a random_proxy:¡¾ None ¡¿ =====
2019-Jun-09 17:50:02 proxyDBManager.py[line:144]/ERROR/  ===== select random_proxy exception =====
 'NoneType' object is not subscriptable
Traceback (most recent call last):
  File "E:\urlScrapy\proxyPool\dbManager\proxyDBManager.py", line 140, in select_random_proxy
    proxy = str(data[1], encoding="utf-8").lower() + "://" + str(data[0], encoding="utf-8") + ":" + str(data[2])
TypeError: 'NoneType' object is not subscriptable
2019-Jun-09 17:50:02 proxyDBManager.py[line:144]/ERROR/  ===== select random_proxy exception =====
 'NoneType' object is not subscriptable
Traceback (most recent call last):
  File "E:\urlScrapy\proxyPool\dbManager\proxyDBManager.py", line 140, in select_random_proxy
    proxy = str(data[1], encoding="utf-8").lower() + "://" + str(data[0], encoding="utf-8") + ":" + str(data[2])
TypeError: 'NoneType' object is not subscriptable
2019-Jun-09 17:50:02 middlewares.py[line:19]/DEBUG/  =====  ProxyMiddleware get a random_proxy:¡¾ None ¡¿ =====
2019-Jun-09 17:50:02 proxyDBManager.py[line:144]/ERROR/  ===== select random_proxy exception =====
 'NoneType' object is not subscriptable
Traceback (most recent call last):
  File "E:\urlScrapy\proxyPool\dbManager\proxyDBManager.py", line 140, in select_random_proxy
    proxy = str(data[1], encoding="utf-8").lower() + "://" + str(data[0], encoding="utf-8") + ":" + str(data[2])
TypeError: 'NoneType' object is not subscriptable
2019-Jun-09 17:50:02 proxyDBManager.py[line:144]/ERROR/  ===== select random_proxy exception =====
 'NoneType' object is not subscriptable
Traceback (most recent call last):
  File "E:\urlScrapy\proxyPool\dbManager\proxyDBManager.py", line 140, in select_random_proxy
    proxy = str(data[1], encoding="utf-8").lower() + "://" + str(data[0], encoding="utf-8") + ":" + str(data[2])
TypeError: 'NoneType' object is not subscriptable
2019-Jun-09 17:50:02 middlewares.py[line:19]/DEBUG/  =====  ProxyMiddleware get a random_proxy:¡¾ None ¡¿ =====
2019-Jun-09 17:50:02 proxyDBManager.py[line:144]/ERROR/  ===== select random_proxy exception =====
 'NoneType' object is not subscriptable
Traceback (most recent call last):
  File "E:\urlScrapy\proxyPool\dbManager\proxyDBManager.py", line 140, in select_random_proxy
    proxy = str(data[1], encoding="utf-8").lower() + "://" + str(data[0], encoding="utf-8") + ":" + str(data[2])
TypeError: 'NoneType' object is not subscriptable
2019-Jun-09 17:50:02 proxyDBManager.py[line:144]/ERROR/  ===== select random_proxy exception =====
 'NoneType' object is not subscriptable
Traceback (most recent call last):
  File "E:\urlScrapy\proxyPool\dbManager\proxyDBManager.py", line 140, in select_random_proxy
    proxy = str(data[1], encoding="utf-8").lower() + "://" + str(data[0], encoding="utf-8") + ":" + str(data[2])
TypeError: 'NoneType' object is not subscriptable
2019-Jun-09 17:50:02 middlewares.py[line:19]/DEBUG/  =====  ProxyMiddleware get a random_proxy:¡¾ None ¡¿ =====
2019-Jun-09 17:50:02 proxyDBManager.py[line:144]/ERROR/  ===== select random_proxy exception =====
 'NoneType' object is not subscriptable
Traceback (most recent call last):
  File "E:\urlScrapy\proxyPool\dbManager\proxyDBManager.py", line 140, in select_random_proxy
    proxy = str(data[1], encoding="utf-8").lower() + "://" + str(data[0], encoding="utf-8") + ":" + str(data[2])
TypeError: 'NoneType' object is not subscriptable
2019-Jun-09 17:50:02 proxyDBManager.py[line:144]/ERROR/  ===== select random_proxy exception =====
 'NoneType' object is not subscriptable
Traceback (most recent call last):
  File "E:\urlScrapy\proxyPool\dbManager\proxyDBManager.py", line 140, in select_random_proxy
    proxy = str(data[1], encoding="utf-8").lower() + "://" + str(data[0], encoding="utf-8") + ":" + str(data[2])
TypeError: 'NoneType' object is not subscriptable
2019-Jun-09 17:50:02 middlewares.py[line:19]/DEBUG/  =====  ProxyMiddleware get a random_proxy:¡¾ None ¡¿ =====
2019-Jun-09 17:50:02 proxyDBManager.py[line:144]/ERROR/  ===== select random_proxy exception =====
 'NoneType' object is not subscriptable
Traceback (most recent call last):
  File "E:\urlScrapy\proxyPool\dbManager\proxyDBManager.py", line 140, in select_random_proxy
    proxy = str(data[1], encoding="utf-8").lower() + "://" + str(data[0], encoding="utf-8") + ":" + str(data[2])
TypeError: 'NoneType' object is not subscriptable
2019-Jun-09 17:50:02 proxyDBManager.py[line:144]/ERROR/  ===== select random_proxy exception =====
 'NoneType' object is not subscriptable
Traceback (most recent call last):
  File "E:\urlScrapy\proxyPool\dbManager\proxyDBManager.py", line 140, in select_random_proxy
    proxy = str(data[1], encoding="utf-8").lower() + "://" + str(data[0], encoding="utf-8") + ":" + str(data[2])
TypeError: 'NoneType' object is not subscriptable
2019-Jun-09 17:50:02 middlewares.py[line:19]/DEBUG/  =====  ProxyMiddleware get a random_proxy:¡¾ None ¡¿ =====
2019-Jun-09 17:50:02 proxyDBManager.py[line:144]/ERROR/  ===== select random_proxy exception =====
 'NoneType' object is not subscriptable
Traceback (most recent call last):
  File "E:\urlScrapy\proxyPool\dbManager\proxyDBManager.py", line 140, in select_random_proxy
    proxy = str(data[1], encoding="utf-8").lower() + "://" + str(data[0], encoding="utf-8") + ":" + str(data[2])
TypeError: 'NoneType' object is not subscriptable
2019-Jun-09 17:50:02 proxyDBManager.py[line:144]/ERROR/  ===== select random_proxy exception =====
 'NoneType' object is not subscriptable
Traceback (most recent call last):
  File "E:\urlScrapy\proxyPool\dbManager\proxyDBManager.py", line 140, in select_random_proxy
    proxy = str(data[1], encoding="utf-8").lower() + "://" + str(data[0], encoding="utf-8") + ":" + str(data[2])
TypeError: 'NoneType' object is not subscriptable
2019-Jun-09 17:50:02 middlewares.py[line:19]/DEBUG/  =====  ProxyMiddleware get a random_proxy:¡¾ None ¡¿ =====
2019-Jun-09 17:50:02 proxyDBManager.py[line:144]/ERROR/  ===== select random_proxy exception =====
 'NoneType' object is not subscriptable
Traceback (most recent call last):
  File "E:\urlScrapy\proxyPool\dbManager\proxyDBManager.py", line 140, in select_random_proxy
    proxy = str(data[1], encoding="utf-8").lower() + "://" + str(data[0], encoding="utf-8") + ":" + str(data[2])
TypeError: 'NoneType' object is not subscriptable
2019-Jun-09 17:50:02 proxyDBManager.py[line:144]/ERROR/  ===== select random_proxy exception =====
 'NoneType' object is not subscriptable
Traceback (most recent call last):
  File "E:\urlScrapy\proxyPool\dbManager\proxyDBManager.py", line 140, in select_random_proxy
    proxy = str(data[1], encoding="utf-8").lower() + "://" + str(data[0], encoding="utf-8") + ":" + str(data[2])
TypeError: 'NoneType' object is not subscriptable
2019-Jun-09 17:50:02 middlewares.py[line:19]/DEBUG/  =====  ProxyMiddleware get a random_proxy:¡¾ None ¡¿ =====
2019-Jun-09 17:50:02 proxyDBManager.py[line:144]/ERROR/  ===== select random_proxy exception =====
 'NoneType' object is not subscriptable
Traceback (most recent call last):
  File "E:\urlScrapy\proxyPool\dbManager\proxyDBManager.py", line 140, in select_random_proxy
    proxy = str(data[1], encoding="utf-8").lower() + "://" + str(data[0], encoding="utf-8") + ":" + str(data[2])
TypeError: 'NoneType' object is not subscriptable
2019-Jun-09 17:50:02 proxyDBManager.py[line:144]/ERROR/  ===== select random_proxy exception =====
 'NoneType' object is not subscriptable
Traceback (most recent call last):
  File "E:\urlScrapy\proxyPool\dbManager\proxyDBManager.py", line 140, in select_random_proxy
    proxy = str(data[1], encoding="utf-8").lower() + "://" + str(data[0], encoding="utf-8") + ":" + str(data[2])
TypeError: 'NoneType' object is not subscriptable
2019-Jun-09 17:50:02 middlewares.py[line:19]/DEBUG/  =====  ProxyMiddleware get a random_proxy:¡¾ None ¡¿ =====
2019-Jun-09 17:50:09 engine.py[line:238]/DEBUG/  Crawled (200) <GET http://www.alexa.cn/siterank/2> (referer: http://www.alexa.cn/siterank/)
2019-Jun-09 17:50:09 proxyDBManager.py[line:144]/ERROR/  ===== select random_proxy exception =====
 'NoneType' object is not subscriptable
Traceback (most recent call last):
  File "E:\urlScrapy\proxyPool\dbManager\proxyDBManager.py", line 140, in select_random_proxy
    proxy = str(data[1], encoding="utf-8").lower() + "://" + str(data[0], encoding="utf-8") + ":" + str(data[2])
TypeError: 'NoneType' object is not subscriptable
2019-Jun-09 17:50:09 proxyDBManager.py[line:144]/ERROR/  ===== select random_proxy exception =====
 'NoneType' object is not subscriptable
Traceback (most recent call last):
  File "E:\urlScrapy\proxyPool\dbManager\proxyDBManager.py", line 140, in select_random_proxy
    proxy = str(data[1], encoding="utf-8").lower() + "://" + str(data[0], encoding="utf-8") + ":" + str(data[2])
TypeError: 'NoneType' object is not subscriptable
2019-Jun-09 17:50:09 middlewares.py[line:19]/DEBUG/  =====  ProxyMiddleware get a random_proxy:¡¾ None ¡¿ =====
2019-Jun-09 17:50:16 redirect.py[line:41]/DEBUG/  Redirecting (302) to <GET http://www.alexa.cn/plugin/tips?k=dTu9-H11ChRcmZlerNJBSdc5Vco6agLsXIEc4cf-EbTnutJEC-E7nUd-EqP9k17y-HNEexySy8EpiqyZ3YYoUcdS2xnpjxfjFUe-HB85AhS2ymrBU4liB0HFAUrcY4c8d0Fur9SazU0skQsvW3FUYDnRdtQcqmRs-E4NLGTwfd-HYj1KloMO8NTAFJVNPbba-E7YIQpndrwpdR9F1pPrYSRTgDvTP4P6X6rqZPkwrtoNKcC3r9SFmicFLnt7g-H-H-Etnjrcb-H9cZ8F8TWrBggXaCjLs4GxOaPlKdzrDGtsLKbAieiHaJQxDLkQj6xwJulPNUq5YhZLzvIiCTyt7TrqfHYACfp9i5tGcsV4-ESlwCmcZ7qZud4-HdHNT2hi-EjKVdwpZVQgZR2CD-HlWQsijYjJ4jWLr8WqLkD91ddHSfT5SAOXUPQDfiXQA0zwR0oseZ5trEX8C1WUT5-EZ5En4GixVhmlEf4fJnL-EhqanjqvKJ5tLyTw9jBm0MMUWa-HE-HhFg6xTZ78QFicY> from <GET http://www.alexa.cn/Babytree.com>
2019-Jun-09 17:50:16 proxyDBManager.py[line:144]/ERROR/  ===== select random_proxy exception =====
 'NoneType' object is not subscriptable
Traceback (most recent call last):
  File "E:\urlScrapy\proxyPool\dbManager\proxyDBManager.py", line 140, in select_random_proxy
    proxy = str(data[1], encoding="utf-8").lower() + "://" + str(data[0], encoding="utf-8") + ":" + str(data[2])
TypeError: 'NoneType' object is not subscriptable
2019-Jun-09 17:50:16 proxyDBManager.py[line:144]/ERROR/  ===== select random_proxy exception =====
 'NoneType' object is not subscriptable
Traceback (most recent call last):
  File "E:\urlScrapy\proxyPool\dbManager\proxyDBManager.py", line 140, in select_random_proxy
    proxy = str(data[1], encoding="utf-8").lower() + "://" + str(data[0], encoding="utf-8") + ":" + str(data[2])
TypeError: 'NoneType' object is not subscriptable
2019-Jun-09 17:50:16 middlewares.py[line:19]/DEBUG/  =====  ProxyMiddleware get a random_proxy:¡¾ None ¡¿ =====
2019-Jun-09 17:50:23 redirect.py[line:41]/DEBUG/  Redirecting (302) to <GET http://www.alexa.cn/plugin/tips?k=CrtEduHbnV9r0Gwove4sPmFwBiknY-A3dVBAYEpF8SZeLExkGyHc0RrK7pTvjpkCe1-IWtOLc7um151PV-IEnINIh1SlTpW-Aoi4iiSU7ypxmos1BvywNWM-A-IFI9avMBe3dxT2tuTujDLdEgAdEaG3xlKPr1-IngIjJuSc0PgLDvJqBst57jSjV1s6jkY-Ar5aSC0cxawo8Qa5uNhZ8rpZdrRl3j-I-AdZ7WhkYVdslmLKafuxgw50AKdxf6z6k0qgUOKb1vYtVZs243O8KoKgYZXNoYAmX5qCzVEPY0qUNIth2i-A5ELXym50Dqqzhs7GHT8orpWW9CKCbVo-Aan32330PTAS7B3fw9sRzkdaXr2bkcglUWKvV1tS-IxGMhlt5PInwbwKv2DP3obZsrkSFfwERRrUfRVCZ5vSh2uxj1HLuqCYdD-IX9A6goNZlcGa8QYeU6c5a7MhraVPXUCk0TXJuelr-IQll341vZcmR0stu0-AWfoDMxAH5aaIH-AI-AfkAyBwVcpVNk> from <GET http://www.alexa.cn/Zhihu.com>
2019-Jun-09 17:50:23 proxyDBManager.py[line:144]/ERROR/  ===== select random_proxy exception =====
 'NoneType' object is not subscriptable
Traceback (most recent call last):
  File "E:\urlScrapy\proxyPool\dbManager\proxyDBManager.py", line 140, in select_random_proxy
    proxy = str(data[1], encoding="utf-8").lower() + "://" + str(data[0], encoding="utf-8") + ":" + str(data[2])
TypeError: 'NoneType' object is not subscriptable
2019-Jun-09 17:50:23 proxyDBManager.py[line:144]/ERROR/  ===== select random_proxy exception =====
 'NoneType' object is not subscriptable
Traceback (most recent call last):
  File "E:\urlScrapy\proxyPool\dbManager\proxyDBManager.py", line 140, in select_random_proxy
    proxy = str(data[1], encoding="utf-8").lower() + "://" + str(data[0], encoding="utf-8") + ":" + str(data[2])
TypeError: 'NoneType' object is not subscriptable
2019-Jun-09 17:50:23 middlewares.py[line:19]/DEBUG/  =====  ProxyMiddleware get a random_proxy:¡¾ None ¡¿ =====
2019-Jun-09 17:50:30 redirect.py[line:41]/DEBUG/  Redirecting (302) to <GET http://www.alexa.cn/plugin/tips?k=8pR0PIoRXV1d4i3EXCeP4Eoo7EodP-IT1NneAVtB2XLkaVySSmy-CzGFEyODf-I-I1-Czi49-IMx9pw-CndIKp-CsGm0YTKxY-IGpWp-CIGCU0yJtOUIAcRGXnn5Etzu63ZeC-CrPqVjw2Mi2MOmDwW6-C-CREKOw8W7FbkT4TOJMeRychK4awtFMjyVh6Ez7c2XCOufsbFfcK4bzF39MsZdIFqy-CuV4e3oj8gUFa8D9vIn7TiNPmMkhX-IFrN7msVapczxRLbc9SiYv0i9AKl2ZIGTcfuxCf40x-CwTvc2Mq1CdT7zb2QyFvgggd8gTsAcU93iFcY1aMfhFMEpzDEaYrBQIivFEK7dV-IHmaIIcS4uXSjXAEwdhWpql-IMNTixtv1O2q67kWGTegoJNVE8dDDlMSWG6MHsB1fr7L9K9g-IFCZRwCa6ZeRZpxNqRCB01-CwDn042MMQ-IS9mAqJ4b-C8T9NOVOsFIlsUYcbFgQeqbGmXyriNuPUfXHBk8z1PDTeSsYqIamPpTS1kc> from <GET http://www.alexa.cn/Cnblogs.com>
2019-Jun-09 17:50:30 proxyDBManager.py[line:144]/ERROR/  ===== select random_proxy exception =====
 'NoneType' object is not subscriptable
Traceback (most recent call last):
  File "E:\urlScrapy\proxyPool\dbManager\proxyDBManager.py", line 140, in select_random_proxy
    proxy = str(data[1], encoding="utf-8").lower() + "://" + str(data[0], encoding="utf-8") + ":" + str(data[2])
TypeError: 'NoneType' object is not subscriptable
2019-Jun-09 17:50:30 proxyDBManager.py[line:144]/ERROR/  ===== select random_proxy exception =====
 'NoneType' object is not subscriptable
Traceback (most recent call last):
  File "E:\urlScrapy\proxyPool\dbManager\proxyDBManager.py", line 140, in select_random_proxy
    proxy = str(data[1], encoding="utf-8").lower() + "://" + str(data[0], encoding="utf-8") + ":" + str(data[2])
TypeError: 'NoneType' object is not subscriptable
2019-Jun-09 17:50:30 middlewares.py[line:19]/DEBUG/  =====  ProxyMiddleware get a random_proxy:¡¾ None ¡¿ =====
2019-Jun-09 17:50:34 redirect.py[line:41]/DEBUG/  Redirecting (302) to <GET http://www.alexa.cn/plugin/tips?k=4w84f1Zzj8S6j4Q5luk96XBaqz0qkyiLNeeitkxbMWY-AYVav-IHzk3kpCDE6lYrjy8D-Ij7SZkWvflbnU9Hv-A6IsXtbp4STAsod2zFmdUGSduICyMipACPO9Bir6IrpBVwraBHxvRhh2s48Uf-IKEEs94aDJSgHQatxDrXnyo4l8t-IQ-IKzBaEdoLSB6vCj18f-IaNgSsEcATeEevkRwlTWB0enYLvJ-Iw5z8QKyf-Is22UoKebY7tcGRT3AcqSWbcitkiGgngBDwINfJFP9Haqg7P3iBtCPOMaNXw9S2BMCRnseCqBznb5gtVOPkRI0lFRSxPVgD2QWGhuoauHsZJRMN3BeLnZi1DV5btDT776JkUjC5NHZLvgVWYAXg0zMQnNbTv9xRw8CYNbSi9wMVWbhSJqwKp6K7V9-ATHqJX8UWpyZ62-AaQNR0fgPwxlDNoqkrrPGVGBT7fSyi0QrA3CAXqykb9LV8P9-AC4dm0drBaIaJE7HUCdPp8pDvwCKpB-At-IBirUd> from <GET http://www.alexa.cn/Hao123.com>
2019-Jun-09 17:50:34 proxyDBManager.py[line:144]/ERROR/  ===== select random_proxy exception =====
 'NoneType' object is not subscriptable
Traceback (most recent call last):
  File "E:\urlScrapy\proxyPool\dbManager\proxyDBManager.py", line 140, in select_random_proxy
    proxy = str(data[1], encoding="utf-8").lower() + "://" + str(data[0], encoding="utf-8") + ":" + str(data[2])
TypeError: 'NoneType' object is not subscriptable
2019-Jun-09 17:50:34 proxyDBManager.py[line:144]/ERROR/  ===== select random_proxy exception =====
 'NoneType' object is not subscriptable
Traceback (most recent call last):
  File "E:\urlScrapy\proxyPool\dbManager\proxyDBManager.py", line 140, in select_random_proxy
    proxy = str(data[1], encoding="utf-8").lower() + "://" + str(data[0], encoding="utf-8") + ":" + str(data[2])
TypeError: 'NoneType' object is not subscriptable
2019-Jun-09 17:50:34 middlewares.py[line:19]/DEBUG/  =====  ProxyMiddleware get a random_proxy:¡¾ None ¡¿ =====
